<?xml version="1.0"  encoding="ISO-8859-1"?>

<pingus-level>
  <global>
    <levelname lang="en">PLE Level</levelname>
    <description lang="en">This level has no name

</description>
    <author></author>
    <number-of-pingus>100</number-of-pingus>
    <number-to-save>50</number-to-save>
    <time>9000</time>
    <width>1200</width>
    <height>600</height>
    <difficulty>5</difficulty>
    <playable>0</playable>
    <comment></comment>
  </global>

  <action-list>
    <basher count="20"/>
    <blocker count="20"/>
    <bomber count="20"/>
    <bridger count="20"/>
    <climber count="20"/>
    <digger count="20"/>
    <floater count="20"/>
    <jumper count="20"/>
    <miner count="20"/>
  </action-list>

<background type="surface">
  <surface><resource type="datafile">
    <resource-datafile>textures</resource-datafile>
  <resource-ident>Textures/happyclouds</resource-ident>
    <modifier>ROT0</modifier>
  </resource></surface>
  <color>
    <red>0</red>
    <green>0</green>
    <blue>0</blue>
    <alpha>0</alpha>
  </color>
  <scroll-x>0</scroll-x>
  <scroll-y>0</scroll-y>
  <para-x>0.5</para-x>
  <para-y>0.5</para-y>
  <stretch-x>0</stretch-x>
  <stretch-y>0</stretch-y>
  <position>
    <x-pos>0</x-pos>
    <y-pos>0</y-pos>
    <z-pos>-150</z-pos>
  </position>
</background>

<groundpiece type="ground">
  <surface><resource type="datafile">
    <resource-datafile>global</resource-datafile>
  <resource-ident>GroundPieces/Jungle/stick3</resource-ident>
    <modifier>ROT0</modifier>
  </resource></surface>
  <position>
    <x-pos>255</x-pos>
    <y-pos>212</y-pos>
    <z-pos>0</z-pos>
  </position>
</groundpiece>

<groundpiece type="bridge">
  <surface><resource type="datafile">
    <resource-datafile>global</resource-datafile>
  <resource-ident>GroundPieces/pipe_dl</resource-ident>
    <modifier>ROT0</modifier>
  </resource></surface>
  <position>
    <x-pos>22</x-pos>
    <y-pos>337</y-pos>
    <z-pos>0</z-pos>
  </position>
</groundpiece>

<groundpiece type="ground">
  <surface><resource type="datafile">
    <resource-datafile>global</resource-datafile>
  <resource-ident>GroundPieces/pipe_v</resource-ident>
    <modifier>ROT0</modifier>
  </resource></surface>
  <position>
    <x-pos>22</x-pos>
    <y-pos>305</y-pos>
    <z-pos>0</z-pos>
  </position>
</groundpiece>

<groundpiece type="ground">
  <surface><resource type="datafile">
    <resource-datafile>global</resource-datafile>
  <resource-ident>GroundPieces/pipe_v</resource-ident>
    <modifier>ROT0</modifier>
  </resource></surface>
  <position>
    <x-pos>22</x-pos>
    <y-pos>211</y-pos>
    <z-pos>0</z-pos>
  </position>
</groundpiece>

<groundpiece type="ground">
  <surface><resource type="datafile">
    <resource-datafile>global</resource-datafile>
  <resource-ident>GroundPieces/pipe_v</resource-ident>
    <modifier>ROT0</modifier>
  </resource></surface>
  <position>
    <x-pos>22</x-pos>
    <y-pos>274</y-pos>
    <z-pos>0</z-pos>
  </position>
</groundpiece>

<groundpiece type="ground">
  <surface><resource type="datafile">
    <resource-datafile>global</resource-datafile>
  <resource-ident>GroundPieces/pipe_pv</resource-ident>
    <modifier>ROT0</modifier>
  </resource></surface>
  <position>
    <x-pos>22</x-pos>
    <y-pos>242</y-pos>
    <z-pos>0</z-pos>
  </position>
</groundpiece>

<groundpiece type="ground">
  <surface><resource type="datafile">
    <resource-datafile>global</resource-datafile>
  <resource-ident>Hotspots/plate</resource-ident>
    <modifier>ROT0</modifier>
  </resource></surface>
  <position>
    <x-pos>113</x-pos>
    <y-pos>345</y-pos>
    <z-pos>0</z-pos>
  </position>
</groundpiece>

<groundpiece type="ground">
  <surface><resource type="datafile">
    <resource-datafile>global</resource-datafile>
  <resource-ident>Hotspots/plate</resource-ident>
    <modifier>ROT0</modifier>
  </resource></surface>
  <position>
    <x-pos>52</x-pos>
    <y-pos>346</y-pos>
    <z-pos>0</z-pos>
  </position>
</groundpiece>

<entrance>
  <position>
    <x-pos>361</x-pos>
    <y-pos>115</y-pos>
    <z-pos>0</z-pos>
  </position>
  <type>generic</type>
  <direction>left</direction>
  <release-rate>25</release-rate>
  <owner-id>0</owner-id>
</entrance>

<exit use-old-pos-handling="0">
  <position>
    <x-pos>469</x-pos>
    <y-pos>215</y-pos>
    <z-pos>0</z-pos>
  </position>
  <surface><resource type="datafile">
    <resource-datafile>global</resource-datafile>
  <resource-ident>Exits/sweetexit</resource-ident>
    <modifier>ROT0</modifier>
  </resource></surface>
  <owner-id>0</owner-id></exit>

<exit use-old-pos-handling="0">
  <position>
    <x-pos>118</x-pos>
    <y-pos>346</y-pos>
    <z-pos>0</z-pos>
  </position>
  <surface><resource type="datafile">
    <resource-datafile>global</resource-datafile>
  <resource-ident>Exits/sortie_anim</resource-ident>
    <modifier>ROT0</modifier>
  </resource></surface>
  <owner-id>0</owner-id></exit>

<hotspot>
  <surface><resource type="datafile">
    <resource-datafile>global</resource-datafile>
  <resource-ident>Entrances/space</resource-ident>
    <modifier>ROT0</modifier>
  </resource></surface>
  <position>
    <x-pos>331</x-pos>
    <y-pos>52</y-pos>
    <z-pos>0</z-pos>
  </position>
  <speed>-1</speed>
  <parallax>1</parallax>
</hotspot>

<trap>
  <type>fake_exit</type>
  <position>
    <x-pos>253</x-pos>
    <y-pos>106</y-pos>
    <z-pos>0</z-pos>
  </position>
</trap>

  <start-position>
  <position>
    <x-pos>0</x-pos>
    <y-pos>0</y-pos>
    <z-pos>1000</z-pos>
  </position>
  </start-position>

</pingus-level>

